#
# A fatal error has been detected by the Java Runtime Environment:
#
#  EXCEPTION_ACCESS_VIOLATION (0xc0000005) at pc=0x0000000055f09114, pid=5776, tid=0x0000000000004bd8
#
# JRE version: OpenJDK Runtime Environment (8.0_332-b09) (build 1.8.0_332-b09)
# Java VM: OpenJDK 64-Bit Server VM (25.332-b09 mixed mode windows-amd64 compressed oops)
# Problematic frame:
# V  [jvm.dll+0xd9114]
#
# Failed to write core dump. Minidumps are not enabled by default on client versions of Windows
#
# If you would like to submit a bug report, please visit:
#   https://github.com/ojdkbuild/ojdkbuild/issues
#

---------------  T H R E A D  ---------------

Current thread (0x00000000394cb800):  VMThread [stack: 0x000000003cc10000,0x000000003cd10000] [id=19416]

siginfo: ExceptionCode=0xc0000005, reading address 0x0000000039143150

Registers:
RAX=0x0000000000164040, RBX=0x0000000038fdecb0, RCX=0x0000000038fdf100, RDX=0x000000000000b202
RSP=0x000000003cd0f048, RBP=0x0000000000000038, RSI=0x000000003cd0f330, RDI=0x000000003cd0f330
R8 =0x0000000000000000, R9 =0x0000000038fdecb0, R10=0x000000000000b202, R11=0x0000000038fdf060
R12=0x0000000000000001, R13=0x0000000000000001, R14=0x000000003cd0f160, R15=0x00000000000003d8
RIP=0x0000000055f09114, EFLAGS=0x0000000000010202

Top of Stack: (sp=0x000000003cd0f048)
0x000000003cd0f048:   0000000055f11a9c 0000000000000000
0x000000003cd0f058:   0000000055f10246 00002bdeeb90bfd8
0x000000003cd0f068:   0000000055ec390e 000000004fffffff
0x000000003cd0f078:   0000000055f112bd 0000000046000032
0x000000003cd0f088:   000000003cd0f1a0 00002bdeeb90a0b8
0x000000003cd0f098:   0000000055f103d5 00000000033af530
0x000000003cd0f0a8:   0000000000000001 000000003cd0f170
0x000000003cd0f0b8:   000000003cd0f330 000000003cd0f1a0
0x000000003cd0f0c8:   0000000055f142d0 0000000000000038
0x000000003cd0f0d8:   0000000000000038 000000003cd0f170
0x000000003cd0f0e8:   0000000055f1025f 0000000000000038
0x000000003cd0f0f8:   000000003cd0f1a0 00000000033af530
0x000000003cd0f108:   0000000000000043 0000000000000000
0x000000003cd0f118:   0000000055f14e4e 000000003cd0f330
0x000000003cd0f128:   000000003cd0f1a0 0000000038fdf090
0x000000003cd0f138:   0000000000000000 0000000000000001 

Instructions: (pc=0x0000000055f09114)
0x0000000055f090f4:   18 f7 d2 48 63 c2 48 c1 e0 05 48 8b 44 08 10 0f
0x0000000055f09104:   b7 c0 41 0f b7 44 c1 52 c3 48 63 c2 48 c1 e0 05
0x0000000055f09114:   48 8b 44 08 10 0f b7 d0 48 63 c2 41 0f b7 44 c1
0x0000000055f09124:   52 c3 49 8b 41 08 48 63 ca 0f b6 44 08 04 3c 12 


Register to memory mapping:

RAX=0x0000000000164040 is an unknown value
RBX=0x0000000038fdecb0 is pointing into metadata
RCX=0x0000000038fdf100 is pointing into metadata
RDX=0x000000000000b202 is an unknown value
RSP=0x000000003cd0f048 is an unknown value
RBP=0x0000000000000038 is an unknown value
RSI=0x000000003cd0f330 is an unknown value
RDI=0x000000003cd0f330 is an unknown value
R8 =0x0000000000000000 is an unknown value
R9 =0x0000000038fdecb0 is pointing into metadata
R10=0x000000000000b202 is an unknown value
R11=0x0000000038fdf060 is pointing into metadata
R12=0x0000000000000001 is an unknown value
R13=0x0000000000000001 is an unknown value
R14=0x000000003cd0f160 is an unknown value
R15=0x00000000000003d8 is an unknown value


Stack: [0x000000003cc10000,0x000000003cd10000],  sp=0x000000003cd0f048,  free space=1020k
Native frames: (J=compiled Java code, j=interpreted, Vv=VM code, C=native code)
V  [jvm.dll+0xd9114]

VM_Operation (0x000000003d27f470): GetOrSetLocal, mode: safepoint, requested by thread 0x000000003ac82000


---------------  P R O C E S S  ---------------

Java Threads: ( => current thread )
  0x000000003e188800 JavaThread "Service Thread" daemon [_thread_blocked, id=724, stack(0x000000003e980000,0x000000003ea80000)]
  0x000000003ade3000 JavaThread "C1 CompilerThread11" daemon [_thread_blocked, id=1788, stack(0x000000003e080000,0x000000003e180000)]
  0x000000003ade2800 JavaThread "C1 CompilerThread10" daemon [_thread_blocked, id=17068, stack(0x000000003df80000,0x000000003e080000)]
  0x000000003ade1800 JavaThread "C1 CompilerThread9" daemon [_thread_blocked, id=12664, stack(0x000000003de80000,0x000000003df80000)]
  0x000000003adab800 JavaThread "C1 CompilerThread8" daemon [_thread_blocked, id=14024, stack(0x000000003dd80000,0x000000003de80000)]
  0x000000003ada3000 JavaThread "C2 CompilerThread7" daemon [_thread_blocked, id=14376, stack(0x000000003dc80000,0x000000003dd80000)]
  0x000000003ada2000 JavaThread "C2 CompilerThread6" daemon [_thread_blocked, id=7920, stack(0x000000003db80000,0x000000003dc80000)]
  0x000000003ada1000 JavaThread "C2 CompilerThread5" daemon [_thread_blocked, id=19088, stack(0x000000003d980000,0x000000003da80000)]
  0x000000003ada0800 JavaThread "C2 CompilerThread4" daemon [_thread_blocked, id=18072, stack(0x000000003d880000,0x000000003d980000)]
  0x000000003ad9d800 JavaThread "C2 CompilerThread3" daemon [_thread_blocked, id=12692, stack(0x000000003d780000,0x000000003d880000)]
  0x000000003ad9d000 JavaThread "C2 CompilerThread2" daemon [_thread_blocked, id=6276, stack(0x000000003d680000,0x000000003d780000)]
  0x000000003ad97000 JavaThread "C2 CompilerThread1" daemon [_thread_blocked, id=9300, stack(0x000000003d580000,0x000000003d680000)]
  0x000000003ad91000 JavaThread "C2 CompilerThread0" daemon [_thread_blocked, id=14904, stack(0x000000003d480000,0x000000003d580000)]
  0x000000003ac9b000 JavaThread "JDWP Command Reader" daemon [_thread_in_native, id=14152, stack(0x000000003d380000,0x000000003d480000)]
  0x000000003ac96000 JavaThread "JDWP Event Helper Thread" daemon [_thread_blocked, id=12420, stack(0x000000003d280000,0x000000003d380000)]
  0x000000003ac82000 JavaThread "JDWP Transport Listener: dt_socket" daemon [_thread_blocked, id=19260, stack(0x000000003d180000,0x000000003d280000)]
  0x000000003ac7e000 JavaThread "Attach Listener" daemon [_thread_blocked, id=16620, stack(0x000000003d080000,0x000000003d180000)]
  0x000000003ac7d000 JavaThread "Signal Dispatcher" daemon [_thread_blocked, id=2780, stack(0x000000003cf80000,0x000000003d080000)]
  0x00000000394d4000 JavaThread "Finalizer" daemon [_thread_blocked, id=19096, stack(0x000000003ce10000,0x000000003cf10000)]
  0x000000003abf9000 JavaThread "Reference Handler" daemon [_thread_blocked, id=16744, stack(0x000000003cd10000,0x000000003ce10000)]
  0x0000000000d0a800 JavaThread "main" [_thread_blocked, id=13076, stack(0x0000000002c90000,0x0000000002d90000)]

Other Threads:
=>0x00000000394cb800 VMThread [stack: 0x000000003cc10000,0x000000003cd10000] [id=19416]
  0x000000003e189000 WatcherThread [stack: 0x000000003ea80000,0x000000003eb80000] [id=18544]

VM state:at safepoint (normal execution)

VM Mutex/Monitor currently owned by a thread:  ([mutex/lock_event])
[0x0000000003315960] Threads_lock - owner thread: 0x00000000394cb800

heap address: 0x00000003c4000000, size: 16320 MB, Compressed Oops mode: Zero based, Oop shift amount: 3
Narrow klass base: 0x0000000000000000, Narrow klass shift: 3
Compressed class space size: 1073741824 Address: 0x00000007c0000000

Heap:
 PSYoungGen      total 304640K, used 31334K [0x000000066c000000, 0x0000000681400000, 0x00000007c0000000)
  eden space 261120K, 12% used [0x000000066c000000,0x000000066de99a00,0x000000067bf00000)
  from space 43520K, 0% used [0x000000067e980000,0x000000067e980000,0x0000000681400000)
  to   space 43520K, 0% used [0x000000067bf00000,0x000000067bf00000,0x000000067e980000)
 ParOldGen       total 696320K, used 0K [0x00000003c4000000, 0x00000003ee800000, 0x000000066c000000)
  object space 696320K, 0% used [0x00000003c4000000,0x00000003c4000000,0x00000003ee800000)
 Metaspace       used 6292K, capacity 6428K, committed 6528K, reserved 1056768K
  class space    used 613K, capacity 627K, committed 640K, reserved 1048576K

Card table byte_map: [0x0000000012790000,0x0000000014780000] byte_map_base: 0x0000000010970000

Marking Bits: (ParMarkBitMap*) 0x00000000566da100
 Begin Bits: [0x0000000016bc0000, 0x0000000026ac0000)
 End Bits:   [0x0000000026ac0000, 0x00000000369c0000)

Polling page: 0x00000000009e0000

CodeCache: size=245760Kb used=3150Kb max_used=3164Kb free=242609Kb
 bounds [0x00000000033d0000, 0x00000000036f0000, 0x00000000123d0000]
 total_blobs=483 nmethods=181 adapters=219
 compilation: enabled

Compilation events (250 events):
Event: 0.189 Thread 0x000000003ada0800 nmethod 45 0x0000000003698d90 code [0x0000000003698ec0, 0x0000000003698f58]
Event: 0.189 Thread 0x000000003ade3000 nmethod 46 0x000000000369ae50 code [0x000000000369b020, 0x000000000369b518]
Event: 0.189 Thread 0x000000003ade1800 nmethod 50 0x0000000003698910 code [0x0000000003698a80, 0x0000000003698ce8]
Event: 0.189 Thread 0x000000003adab800 nmethod 49 0x00000000036922d0 code [0x00000000036924a0, 0x0000000003692e88]
Event: 0.189 Thread 0x000000003ade2800   52       1       java.net.URL::getHost (5 bytes)
Event: 0.189 Thread 0x000000003ade2800 nmethod 52 0x000000000369ab90 code [0x000000000369ace0, 0x000000000369adf0]
Event: 0.189 Thread 0x000000003ade3000   54       3       java.lang.String::lastIndexOf (52 bytes)
Event: 0.189 Thread 0x000000003ade1800   53       3       java.lang.Character::toLowerCase (6 bytes)
Event: 0.189 Thread 0x000000003ade1800 nmethod 53 0x000000000369a650 code [0x000000000369a7c0, 0x000000000369aa58]
Event: 0.189 Thread 0x000000003ade3000 nmethod 54 0x0000000003691c10 code [0x0000000003691da0, 0x0000000003692148]
Event: 0.189 Thread 0x000000003ad9d000 nmethod 48 0x000000000369a2d0 code [0x000000000369a400, 0x000000000369a598]
Event: 0.190 Thread 0x000000003adab800   56       3       java.lang.String::equalsIgnoreCase (48 bytes)
Event: 0.190 Thread 0x000000003ade2800   57       3       java.util.ArrayList::rangeCheck (22 bytes)
Event: 0.190 Thread 0x000000003ade1800   61       3       java.lang.String::getChars (62 bytes)
Event: 0.190 Thread 0x000000003ade3000   58       3       java.util.ArrayList::elementData (7 bytes)
Event: 0.190 Thread 0x000000003adab800 nmethod 56 0x0000000003691250 code [0x00000000036913c0, 0x0000000003691728]
Event: 0.190 Thread 0x000000003adab800   59       3       java.util.ArrayList::get (11 bytes)
Event: 0.190 Thread 0x000000003ade3000 nmethod 58 0x0000000003690e90 code [0x0000000003690fe0, 0x0000000003691170]
Event: 0.190 Thread 0x000000003ade3000   62       3       java.lang.String::<init> (82 bytes)
Event: 0.190 Thread 0x000000003adab800 nmethod 59 0x000000000369de10 code [0x000000000369dfa0, 0x000000000369e2f8]
Event: 0.190 Thread 0x000000003adab800   60       1       java.net.URL::getPath (5 bytes)
Event: 0.190 Thread 0x000000003adab800 nmethod 60 0x000000000369db50 code [0x000000000369dca0, 0x000000000369ddb0]
Event: 0.190 Thread 0x000000003ade1800 nmethod 61 0x000000000369d210 code [0x000000000369d3e0, 0x000000000369d898]
Event: 0.190 Thread 0x000000003ade2800 nmethod 57 0x000000000369bf50 code [0x000000000369c160, 0x000000000369cc18]
Event: 0.190 Thread 0x000000003ade3000 nmethod 62 0x000000000369e550 code [0x000000000369e720, 0x000000000369ec58]
Event: 0.190 Thread 0x000000003ade3000   63       3       java.util.AbstractMap::<init> (5 bytes)
Event: 0.190 Thread 0x000000003ade3000 nmethod 63 0x000000000369bb90 code [0x000000000369bce0, 0x000000000369be90]
Event: 0.191 Thread 0x000000003ade2800   64       3       java.util.HashMap::newNode (13 bytes)
Event: 0.191 Thread 0x000000003adab800   65       3       java.util.HashMap::afterNodeInsertion (1 bytes)
Event: 0.191 Thread 0x000000003ade2800 nmethod 64 0x000000000369ef90 code [0x000000000369f100, 0x000000000369f3b0]
Event: 0.191 Thread 0x000000003adab800 nmethod 65 0x000000000369b7d0 code [0x000000000369b920, 0x000000000369ba70]
Event: 0.191 Thread 0x000000003ade3000   66       1       java.net.URL::getAuthority (5 bytes)
Event: 0.191 Thread 0x000000003ade3000 nmethod 66 0x000000000369f510 code [0x000000000369f660, 0x000000000369f770]
Event: 0.191 Thread 0x000000003ad9d800   67       4       java.lang.CharacterData::of (120 bytes)
Event: 0.191 Thread 0x000000003ad91000   68       4       java.lang.CharacterDataLatin1::getProperties (11 bytes)
Event: 0.191 Thread 0x000000003ade1800   69       3       java.lang.String::replace (127 bytes)
Event: 0.191 Thread 0x000000003ade2800   70       3       java.lang.ref.Reference::<init> (25 bytes)
Event: 0.191 Thread 0x000000003ad9d800 nmethod 67 0x00000000036986d0 code [0x0000000003698800, 0x0000000003698878]
Event: 0.191 Thread 0x000000003ade2800 nmethod 70 0x00000000036a1fd0 code [0x00000000036a2140, 0x00000000036a2390]
Event: 0.191 Thread 0x000000003ad91000 nmethod 68 0x000000000369a050 code [0x000000000369a180, 0x000000000369a218]
Event: 0.191 Thread 0x000000003ade1800 nmethod 69 0x00000000036a2f90 code [0x00000000036a3140, 0x00000000036a37f0]
Event: 0.192 Thread 0x000000003adab800   71       3       java.util.Arrays::copyOfRange (63 bytes)
Event: 0.192 Thread 0x000000003adab800 nmethod 71 0x00000000036a0c90 code [0x00000000036a0ea0, 0x00000000036a1a18]
Event: 0.192 Thread 0x000000003ade3000   72       3       sun.reflect.ClassFileAssembler::emitByte (11 bytes)
Event: 0.192 Thread 0x000000003ade2800   73       3       sun.reflect.ByteVectorImpl::add (38 bytes)
Event: 0.193 Thread 0x000000003ade3000 nmethod 72 0x00000000036a2710 code [0x00000000036a2880, 0x00000000036a2a68]
Event: 0.193 Thread 0x000000003ade2800 nmethod 73 0x00000000036a07d0 code [0x00000000036a0940, 0x00000000036a0b68]
Event: 0.194 Thread 0x000000003ade1800   75       1       java.net.URL::getFile (5 bytes)
Event: 0.194 Thread 0x000000003ade1800 nmethod 75 0x00000000036a2450 code [0x00000000036a25a0, 0x00000000036a26b0]
Event: 0.194 Thread 0x000000003ade1800   76       3       java.util.Vector::ensureCapacityHelper (16 bytes)
Event: 0.194 Thread 0x000000003ade1800 nmethod 76 0x00000000036a0010 code [0x00000000036a0180, 0x00000000036a0368]
Event: 0.194 Thread 0x000000003ade1800   77       3       java.lang.AbstractStringBuilder::newCapacity (39 bytes)
Event: 0.194 Thread 0x000000003ade1800 nmethod 77 0x000000000369f8d0 code [0x000000000369fa60, 0x000000000369fe68]
Event: 0.195 Thread 0x000000003adab800   78       3       java.util.concurrent.ConcurrentHashMap::tabAt (21 bytes)
Event: 0.195 Thread 0x000000003adab800 nmethod 78 0x00000000036a3f90 code [0x00000000036a40e0, 0x00000000036a4310]
Event: 0.195 Thread 0x000000003adab800   80       3       java.util.HashMap::get (23 bytes)
Event: 0.195 Thread 0x000000003adab800 nmethod 80 0x00000000036a43d0 code [0x00000000036a4560, 0x00000000036a4978]
Event: 0.196 Thread 0x000000003ada2000 nmethod 51% 0x00000000036a8310 code [0x00000000036a8480, 0x00000000036a9098]
Event: 0.196 Thread 0x000000003ada0800   81       4       sun.security.provider.SHA2::implCompress0 (322 bytes)
Event: 0.197 Thread 0x000000003ade3000   82       3       java.util.zip.ZStreamRef::address (5 bytes)
Event: 0.197 Thread 0x000000003ade3000 nmethod 82 0x00000000036a8010 code [0x00000000036a8160, 0x00000000036a82b0]
Event: 0.198 Thread 0x000000003ade2800   83       3       java.util.Arrays::copyOf (19 bytes)
Event: 0.198 Thread 0x000000003ade1800   84       1       java.net.URL::getRef (5 bytes)
Event: 0.198 Thread 0x000000003ade1800 nmethod 84 0x00000000036a7d50 code [0x00000000036a7ea0, 0x00000000036a7fb0]
Event: 0.198 Thread 0x000000003ade2800 nmethod 83 0x00000000036a7750 code [0x00000000036a78c0, 0x00000000036a7c08]
Event: 0.198 Thread 0x000000003adab800   85       3       java.util.HashMap::putVal (300 bytes)
Event: 0.198 Thread 0x000000003ade3000   86       3       java.util.Arrays::equals (54 bytes)
Event: 0.198 Thread 0x000000003ade1800   88  s!   3       sun.misc.URLClassPath::getLoader (243 bytes)
Event: 0.198 Thread 0x000000003ade2800   89       3       java.lang.StringBuilder::append (8 bytes)
Event: 0.199 Thread 0x000000003ade3000 nmethod 86 0x00000000036a7150 code [0x00000000036a72c0, 0x00000000036a7630]
Event: 0.199 Thread 0x000000003ade3000   90       3       java.lang.String::indexOf (7 bytes)
Event: 0.199 Thread 0x000000003ade2800 nmethod 89 0x00000000036a6d90 code [0x00000000036a6f00, 0x00000000036a70a8]
Event: 0.199 Thread 0x000000003ade2800   87  s    3       sun.misc.URLClassPath::getNextLoader (88 bytes)
Event: 0.199 Thread 0x000000003adab800 nmethod 85 0x00000000036a5050 code [0x00000000036a52c0, 0x00000000036a6618]
Event: 0.199 Thread 0x000000003ade3000 nmethod 90 0x00000000036a4ad0 code [0x00000000036a4c40, 0x00000000036a4ee8]
Event: 0.199 Thread 0x000000003adab800   91       3       sun.nio.cs.UTF_8$Decoder::decode (779 bytes)
Event: 0.199 Thread 0x000000003ade2800 nmethod 87 0x00000000036a9550 code [0x00000000036a9740, 0x00000000036a9fc8]
Event: 0.200 Thread 0x000000003ade1800 nmethod 88 0x00000000036aa490 code [0x00000000036aa8e0, 0x00000000036ad658]
Event: 0.200 Thread 0x000000003ade3000   92       3       java.lang.String::toCharArray (25 bytes)
Event: 0.200 Thread 0x000000003ade3000 nmethod 92 0x00000000036af350 code [0x00000000036af4c0, 0x00000000036af748]
Event: 0.200 Thread 0x000000003ade2800   93       3       java.util.concurrent.ConcurrentHashMap::spread (10 bytes)
Event: 0.200 Thread 0x000000003ade2800 nmethod 93 0x00000000036af810 code [0x00000000036af960, 0x00000000036afab0]
Event: 0.200 Thread 0x000000003ade1800   94       3       java.util.concurrent.ConcurrentHashMap::setTabAt (19 bytes)
Event: 0.200 Thread 0x000000003ade3000   97       3       java.util.concurrent.ConcurrentHashMap::casTabAt (20 bytes)
Event: 0.200 Thread 0x000000003ade1800 nmethod 94 0x00000000036b0490 code [0x00000000036b05e0, 0x00000000036b0750]
Event: 0.200 Thread 0x000000003ade2800   98   !   3       sun.misc.URLClassPath$JarLoader::getResource (85 bytes)
Event: 0.200 Thread 0x000000003ade3000 nmethod 97 0x00000000036b07d0 code [0x00000000036b0920, 0x00000000036b0ab0]
Event: 0.200 Thread 0x000000003ade1800  100       3       java.lang.String::lastIndexOf (151 bytes)
Event: 0.200 Thread 0x000000003ade3000   99       3       java.io.WinNTFileSystem::normalize (143 bytes)
Event: 0.201 Thread 0x000000003ade1800 nmethod 100 0x00000000036b0b50 code [0x00000000036b0d00, 0x00000000036b1270]
Event: 0.201 Thread 0x000000003ade3000 nmethod 99 0x00000000036b1750 code [0x00000000036b1940, 0x00000000036b21c8]
Event: 0.201 Thread 0x000000003ade2800 nmethod 98 0x00000000036b25d0 code [0x00000000036b2800, 0x00000000036b3318]
Event: 0.202 Thread 0x000000003adab800 nmethod 91 0x00000000036b38d0 code [0x00000000036b3f80, 0x00000000036b8c98]
Event: 0.202 Thread 0x000000003ade3000  102       3       java.lang.String::lastIndexOf (13 bytes)
Event: 0.202 Thread 0x000000003ade1800  101  s    3       java.util.Hashtable::put (104 bytes)
Event: 0.203 Thread 0x000000003ade3000 nmethod 102 0x00000000036bcc50 code [0x00000000036bcdc0, 0x00000000036bcfe8]
Event: 0.203 Thread 0x000000003ade1800 nmethod 101 0x00000000036bd090 code [0x00000000036bd260, 0x00000000036bda38]
Event: 0.203 Thread 0x000000003ade1800  103       1       java.net.URL::getProtocol (5 bytes)
Event: 0.203 Thread 0x000000003ade1800 nmethod 103 0x00000000036bde10 code [0x00000000036bdf60, 0x00000000036be070]
Event: 0.203 Thread 0x000000003ada0800 nmethod 81 0x00000000036c1590 code [0x00000000036c16e0, 0x00000000036c1f98]
Event: 0.203 Thread 0x000000003ade2800  104       3       java.util.Arrays::copyOf (19 bytes)
Event: 0.203 Thread 0x000000003ade3000  105       1       java.util.jar.Manifest::getEntries (5 bytes)
Event: 0.203 Thread 0x000000003ade3000 nmethod 105 0x00000000036c12d0 code [0x00000000036c1420, 0x00000000036c1530]
Event: 0.203 Thread 0x000000003ade2800 nmethod 104 0x00000000036c0cd0 code [0x00000000036c0e40, 0x00000000036c1188]
Event: 0.204 Thread 0x000000003adab800  106       3       java.util.AbstractList::<init> (10 bytes)
Event: 0.204 Thread 0x000000003adab800 nmethod 106 0x00000000036c0850 code [0x00000000036c09c0, 0x00000000036c0bd0]
Event: 0.204 Thread 0x000000003ada0800  107       4       java.lang.CharacterDataLatin1::toLowerCase (39 bytes)
Event: 0.205 Thread 0x000000003ada0800 nmethod 107 0x00000000036be510 code [0x00000000036be640, 0x00000000036be718]
Event: 0.205 Thread 0x000000003ade1800  109       1       java.net.URL::getQuery (5 bytes)
Event: 0.205 Thread 0x000000003ade1800 nmethod 109 0x00000000036bf5d0 code [0x00000000036bf720, 0x00000000036bf830]
Event: 0.205 Thread 0x000000003ade3000  111       3       sun.security.x509.X509CertImpl::getEncodedInternal (22 bytes)
Event: 0.205 Thread 0x000000003ade2800  110       3       java.util.Arrays::copyOf (46 bytes)
Event: 0.205 Thread 0x000000003adab800  112  s    3       java.util.Vector::addElement (38 bytes)
Event: 0.205 Thread 0x000000003ade3000 nmethod 111 0x00000000036bf150 code [0x00000000036bf2c0, 0x00000000036bf4e8]
Event: 0.206 Thread 0x000000003ade2800 nmethod 110 0x00000000036c2fd0 code [0x00000000036c3180, 0x00000000036c3828]
Event: 0.206 Thread 0x000000003adab800 nmethod 112 0x00000000036be7d0 code [0x00000000036be960, 0x00000000036beea8]
Event: 0.206 Thread 0x000000003ade1800  113       3       java.lang.Character::toUpperCase (6 bytes)
Event: 0.206 Thread 0x000000003ade3000  114       3       java.lang.Character::toUpperCase (9 bytes)
Event: 0.206 Thread 0x000000003ade2800  115       3       java.lang.CharacterDataLatin1::toUpperCase (53 bytes)
Event: 0.206 Thread 0x000000003ade3000 nmethod 114 0x00000000036c2710 code [0x00000000036c2880, 0x00000000036c2ab8]
Event: 0.206 Thread 0x000000003ade1800 nmethod 113 0x00000000036c3a50 code [0x00000000036c3bc0, 0x00000000036c3e58]
Event: 0.206 Thread 0x000000003ade2800 nmethod 115 0x00000000036c3f90 code [0x00000000036c4100, 0x00000000036c43f0]
Event: 0.207 Thread 0x000000003adab800  116       3       java.util.Hashtable$Entry::<init> (26 bytes)
Event: 0.207 Thread 0x000000003ade3000  117       3       sun.security.x509.X509CertImpl::getEncodedInternal (20 bytes)
Event: 0.207 Thread 0x000000003ade1800  118   !   3       java.security.cert.Certificate::equals (38 bytes)
Event: 0.207 Thread 0x000000003adab800 nmethod 116 0x00000000036c2290 code [0x00000000036c23e0, 0x00000000036c25f0]
Event: 0.207 Thread 0x000000003ade3000 nmethod 117 0x00000000036c4550 code [0x00000000036c4700, 0x00000000036c4c58]
Event: 0.207 Thread 0x000000003ade1800 nmethod 118 0x00000000036c4e10 code [0x00000000036c5040, 0x00000000036c5da8]
Event: 0.207 Thread 0x000000003ade2800  119       1       java.util.zip.ZipFile::access$000 (5 bytes)
Event: 0.207 Thread 0x000000003ade2800 nmethod 119 0x00000000036c6410 code [0x00000000036c6560, 0x00000000036c6650]
Event: 0.208 Thread 0x000000003adab800  121       1       java.net.URL::getPort (5 bytes)
Event: 0.208 Thread 0x000000003adab800 nmethod 121 0x00000000036c6a50 code [0x00000000036c6ba0, 0x00000000036c6cb0]
Event: 0.208 Thread 0x000000003ade2800  122       3       java.util.HashMap::put (13 bytes)
Event: 0.208 Thread 0x000000003ade2800 nmethod 122 0x00000000036c6d10 code [0x00000000036c6ea0, 0x00000000036c7258]
Event: 0.211 Thread 0x000000003ade3000  123       3       org.eclipse.jdt.launching.internal.org.objectweb.asm.ClassReader::readUnsignedShort (26 bytes)
Event: 0.211 Thread 0x000000003ade3000 nmethod 123 0x00000000036c77d0 code [0x00000000036c7920, 0x00000000036c7ad0]
Event: 0.211 Thread 0x000000003ade1800  124       3       org.eclipse.jdt.launching.internal.org.objectweb.asm.ClassReader::readUtf (44 bytes)
Event: 0.212 Thread 0x000000003adab800  125       3       java.nio.Buffer::checkIndex (22 bytes)
Event: 0.212 Thread 0x000000003ade2800  126       3       java.nio.DirectLongBufferU::ix (10 bytes)
Event: 0.212 Thread 0x000000003ade1800 nmethod 124 0x00000000036c7fd0 code [0x00000000036c8160, 0x00000000036c85e8]
Event: 0.212 Thread 0x000000003ade2800 nmethod 126 0x00000000036c8950 code [0x00000000036c8aa0, 0x00000000036c8c10]
Event: 0.212 Thread 0x000000003adab800 nmethod 125 0x00000000036c8c90 code [0x00000000036c8e00, 0x00000000036c90a8]
Event: 0.212 Thread 0x000000003ade3000  127       1       java.lang.ref.Reference::get (5 bytes)
Event: 0.212 Thread 0x000000003ade3000 nmethod 127 0x00000000036c91d0 code [0x00000000036c9320, 0x00000000036c9430]
Event: 0.213 Thread 0x000000003ade2800  128       1       java.io.File::getPath (5 bytes)
Event: 0.213 Thread 0x000000003ade2800 nmethod 128 0x00000000036c9490 code [0x00000000036c95e0, 0x00000000036c96f0]
Event: 0.214 Thread 0x000000003ade1800  129       3       java.lang.StringBuilder::append (8 bytes)
Event: 0.214 Thread 0x000000003adab800  130       3       java.lang.StringBuilder::toString (17 bytes)
Event: 0.214 Thread 0x000000003adab800 nmethod 130 0x00000000036c9990 code [0x00000000036c9b00, 0x00000000036c9d08]
Event: 0.214 Thread 0x000000003ade1800 nmethod 129 0x00000000036c9dd0 code [0x00000000036c9f80, 0x00000000036ca538]
Event: 0.214 Thread 0x000000003ad9d800  131       4       java.lang.Character::toLowerCase (9 bytes)
Event: 0.215 Thread 0x000000003ad9d800 nmethod 131 0x00000000036cd550 code [0x00000000036cd680, 0x00000000036cd758]
Event: 0.215 Thread 0x000000003ade3000  132       3       sun.util.locale.LocaleUtils::isUpper (18 bytes)
Event: 0.215 Thread 0x000000003ade3000 nmethod 132 0x00000000036cd1d0 code [0x00000000036cd320, 0x00000000036cd4f0]
Event: 0.216 Thread 0x000000003ade2800  133       3       java.lang.AbstractStringBuilder::<init> (12 bytes)
Event: 0.216 Thread 0x000000003adab800  134       3       sun.misc.MetaIndex::mayContain (51 bytes)
Event: 0.216 Thread 0x000000003ade2800 nmethod 133 0x00000000036ccd50 code [0x00000000036ccec0, 0x00000000036cd110]
Event: 0.216 Thread 0x000000003ade1800  135       1       java.lang.ThreadLocal::access$400 (5 bytes)
Event: 0.216 Thread 0x000000003ade3000  136       3       sun.nio.cs.ext.DoubleByte$Encoder::encodeChar (21 bytes)
Event: 0.216 Thread 0x000000003ade1800 nmethod 135 0x00000000036cca90 code [0x00000000036ccbe0, 0x00000000036cccd0]
Event: 0.216 Thread 0x000000003ade3000 nmethod 136 0x00000000036cc610 code [0x00000000036cc780, 0x00000000036cc930]
Event: 0.216 Thread 0x000000003adab800 nmethod 134 0x00000000036cbb10 code [0x00000000036cbcc0, 0x00000000036cc358]
Event: 0.216 Thread 0x000000003ade2800  137       1       java.nio.Buffer::position (5 bytes)
Event: 0.216 Thread 0x000000003ade2800 nmethod 137 0x00000000036cb850 code [0x00000000036cb9a0, 0x00000000036cbab0]
Event: 0.217 Thread 0x000000003ade1800  138       3       sun.nio.fs.WindowsPathParser::isInvalidPathChar (22 bytes)
Event: 0.217 Thread 0x000000003ade1800 nmethod 138 0x00000000036cb290 code [0x00000000036cb400, 0x00000000036cb768]
Event: 0.217 Thread 0x000000003ade1800  139       3       org.eclipse.jdt.launching.internal.org.objectweb.asm.ClassReader::getItem (7 bytes)
Event: 0.217 Thread 0x000000003ade3000  140       3       org.eclipse.jdt.launching.internal.org.objectweb.asm.ClassReader::readUTF8 (23 bytes)
Event: 0.217 Thread 0x000000003ade1800 nmethod 139 0x00000000036caed0 code [0x00000000036cb020, 0x00000000036cb190]
Event: 0.217 Thread 0x000000003ade1800  141       3       org.eclipse.jdt.launching.internal.org.objectweb.asm.SymbolTable::hash (10 bytes)
Event: 0.217 Thread 0x000000003adab800  142       3       org.eclipse.jdt.launching.internal.org.objectweb.asm.Symbol::<init> (38 bytes)
Event: 0.217 Thread 0x000000003ade2800  143       3       org.eclipse.jdt.launching.internal.org.objectweb.asm.SymbolTable::add (39 bytes)
Event: 0.217 Thread 0x000000003ade1800 nmethod 141 0x00000000036caa90 code [0x00000000036cac00, 0x00000000036cae08]
Event: 0.217 Thread 0x000000003ade1800  144       3       org.eclipse.jdt.launching.internal.org.objectweb.asm.SymbolTable$Entry::<init> (17 bytes)
Event: 0.217 Thread 0x000000003ade3000 nmethod 140 0x00000000036cd890 code [0x00000000036cda00, 0x00000000036cdd68]
Event: 0.217 Thread 0x000000003ade1800 nmethod 144 0x00000000036cdf10 code [0x00000000036ce080, 0x00000000036ce268]
Event: 0.217 Thread 0x000000003ade2800 nmethod 143 0x00000000036ce310 code [0x00000000036ce480, 0x00000000036ce790]
Event: 0.217 Thread 0x000000003ade2800  145       1       java.security.ProtectionDomain::getCodeSource (5 bytes)
Event: 0.217 Thread 0x000000003adab800 nmethod 142 0x00000000036ce910 code [0x00000000036cea60, 0x00000000036cec70]
Event: 0.217 Thread 0x000000003ade2800 nmethod 145 0x00000000036ced50 code [0x00000000036ceea0, 0x00000000036cefb0]
Event: 0.217 Thread 0x000000003adab800  146       3       java.io.InputStream::<init> (5 bytes)
Event: 0.217 Thread 0x000000003adab800 nmethod 146 0x00000000036cf010 code [0x00000000036cf180, 0x00000000036cf330]
Event: 0.217 Thread 0x000000003ade1800  147       3       org.eclipse.jdt.launching.internal.org.objectweb.asm.ClassReader::readUtf (161 bytes)
Event: 0.217 Thread 0x000000003ade3000  148       3       org.eclipse.jdt.launching.internal.org.objectweb.asm.SymbolTable::addConstantUtf8 (20 bytes)
Event: 0.217 Thread 0x000000003ade3000 nmethod 148 0x00000000036cf410 code [0x00000000036cf5a0, 0x00000000036cf9c8]
Event: 0.217 Thread 0x000000003ade1800 nmethod 147 0x00000000036cfc10 code [0x00000000036cfda0, 0x00000000036d0268]
Event: 0.217 Thread 0x000000003ade2800  149   !   3       java.util.concurrent.ConcurrentHashMap::putVal (362 bytes)
Event: 0.217 Thread 0x000000003adab800  150       3       java.util.concurrent.ConcurrentHashMap::addCount (292 bytes)
Event: 0.218 Thread 0x000000003ade3000  152       3       java.util.concurrent.ConcurrentHashMap::put (8 bytes)
Event: 0.218 Thread 0x000000003ade3000 nmethod 152 0x00000000036d0a90 code [0x00000000036d0c00, 0x00000000036d0e28]
Event: 0.218 Thread 0x000000003adab800 nmethod 150 0x00000000036d0ed0 code [0x00000000036d10e0, 0x00000000036d1cc8]
Event: 0.218 Thread 0x000000003ade2800 nmethod 149 0x00000000036d2110 code [0x00000000036d2400, 0x00000000036d3f18]
Event: 0.218 Thread 0x000000003ade2800  153       3       java.io.BufferedInputStream::getBufIfOpen (21 bytes)
Event: 0.218 Thread 0x000000003ade1800  154  s    3       java.io.BufferedInputStream::read (49 bytes)
Event: 0.218 Thread 0x000000003adab800  155       3       java.io.DataInputStream::readInt (72 bytes)
Event: 0.218 Thread 0x000000003ade2800 nmethod 153 0x00000000036d4cd0 code [0x00000000036d4e40, 0x00000000036d50a8]
Event: 0.218 Thread 0x000000003adab800 nmethod 155 0x00000000036d5190 code [0x00000000036d5340, 0x00000000036d58c8]
Event: 0.218 Thread 0x000000003ade1800 nmethod 154 0x00000000036d5b10 code [0x00000000036d5cc0, 0x00000000036d6238]
Event: 0.219 Thread 0x000000003ad97000  157       4       java.lang.String::equals (81 bytes)
Event: 0.219 Thread 0x000000003ade2800  156       3       java.util.HashSet::add (20 bytes)
Event: 0.219 Thread 0x000000003ade3000  158       3       java.util.StringTokenizer::skipDelimiters (116 bytes)
Event: 0.219 Thread 0x000000003adab800  159       3       java.util.StringTokenizer::scanToken (179 bytes)
Event: 0.219 Thread 0x000000003ade1800  160       3       java.util.StringTokenizer::nextToken (92 bytes)
Event: 0.219 Thread 0x000000003ade2800 nmethod 156 0x00000000036d6450 code [0x00000000036d65e0, 0x00000000036d6af8]
Event: 0.219 Thread 0x000000003ade2800  161       3       java.util.StringTokenizer::hasMoreTokens (29 bytes)
Event: 0.219 Thread 0x000000003ade2800 nmethod 161 0x00000000036d6cd0 code [0x00000000036d6e40, 0x00000000036d7048]
Event: 0.219 Thread 0x000000003ade1800 nmethod 160 0x00000000036d70d0 code [0x00000000036d7280, 0x00000000036d7678]
Event: 0.219 Thread 0x000000003ade3000 nmethod 158 0x00000000036d7810 code [0x00000000036d7a20, 0x00000000036d8618]
Event: 0.219 Thread 0x000000003adab800 nmethod 159 0x00000000036d8b50 code [0x00000000036d8de0, 0x00000000036da138]
Event: 0.220 Thread 0x000000003ad9d800  162       4       org.eclipse.jdt.launching.internal.org.objectweb.asm.ClassReader::readUnsignedShort (26 bytes)
Event: 0.220 Thread 0x000000003ade1800  163       3       org.eclipse.jdt.launching.internal.org.objectweb.asm.SymbolTable::addConstantUtf8Reference (20 bytes)
Event: 0.220 Thread 0x000000003ade3000  164       1       org.eclipse.jdt.launching.internal.org.objectweb.asm.ClassReader::getItem (7 bytes)
Event: 0.220 Thread 0x000000003ade3000 nmethod 164 0x00000000036da950 code [0x00000000036daaa0, 0x00000000036dabd0]
Event: 0.220 Thread 0x000000003ade1800 nmethod 163 0x00000000036dac90 code [0x00000000036dae20, 0x00000000036db268]
Event: 0.220 Thread 0x000000003ad9d800 nmethod 162 0x00000000036de1d0 code [0x00000000036de320, 0x00000000036de438]
Event: 0.221 Thread 0x000000003ad97000 nmethod 157 0x00000000036dbc50 code [0x00000000036dbda0, 0x00000000036dc0b8]
Event: 0.221 Thread 0x000000003adab800  165       1       java.nio.Buffer::limit (5 bytes)
Event: 0.221 Thread 0x000000003adab800 nmethod 165 0x00000000036db990 code [0x00000000036dbae0, 0x00000000036dbbf0]
Event: 728.342 Thread 0x000000003ade3000  166       3       org.eclipse.jdt.launching.internal.org.objectweb.asm.ByteVector::putShort (52 bytes)
Event: 728.343 Thread 0x000000003ade3000 nmethod 166 0x00000000036dd210 code [0x00000000036dd380, 0x00000000036dd5e8]
Event: 1948.725 Thread 0x000000003ade2800  167       1       org.eclipse.jdt.launching.internal.org.objectweb.asm.SymbolTable::getMajorVersion (5 bytes)
Event: 1948.725 Thread 0x000000003ade2800 nmethod 167 0x00000000036db6d0 code [0x00000000036db820, 0x00000000036db930]
Event: 1948.725 Thread 0x000000003adab800  168       3       org.eclipse.jdt.launching.internal.org.objectweb.asm.SymbolTable::get (13 bytes)
Event: 1948.725 Thread 0x000000003ade1800  169       1       org.eclipse.jdt.launching.internal.org.objectweb.asm.SymbolTable::getSource (5 bytes)
Event: 1948.725 Thread 0x000000003ade1800 nmethod 169 0x00000000036dcf50 code [0x00000000036dd0a0, 0x00000000036dd1b0]
Event: 1948.725 Thread 0x000000003adab800 nmethod 168 0x00000000036dcb50 code [0x00000000036dcca0, 0x00000000036dce50]
Event: 1958.655 Thread 0x000000003ade3000  170  s    3       java.lang.StringBuffer::append (13 bytes)
Event: 1958.655 Thread 0x000000003ade2800  171       3       org.eclipse.jdt.launching.internal.org.objectweb.asm.SymbolTable::addConstantUtf8 (98 bytes)
Event: 1958.656 Thread 0x000000003ade3000 nmethod 170 0x00000000036dc5d0 code [0x00000000036dc740, 0x00000000036dca68]
Event: 1958.656 Thread 0x000000003ade2800 nmethod 171 0x00000000036df0d0 code [0x00000000036df2c0, 0x00000000036dfab8]
Event: 2820.181 Thread 0x000000003ad91000  172       4       java.util.Arrays::copyOfRange (63 bytes)
Event: 2820.181 Thread 0x000000003ade2800  173       3       java.lang.ClassLoader::checkName (43 bytes)
Event: 2820.181 Thread 0x000000003ade3000  174       3       sun.misc.VM::allowArraySyntax (4 bytes)
Event: 2820.182 Thread 0x000000003ade3000 nmethod 174 0x00000000036dc250 code [0x00000000036dc3a0, 0x00000000036dc4f0]
Event: 2820.182 Thread 0x000000003ade2800 nmethod 173 0x00000000036dff10 code [0x00000000036e00c0, 0x00000000036e0858]
Event: 2820.182 Thread 0x000000003ad91000 nmethod 172 0x00000000036dec50 code [0x00000000036deda0, 0x00000000036def78]
Event: 2919.008 Thread 0x000000003ade2800  175       3       org.eclipse.jdt.launching.internal.org.objectweb.asm.ClassReader::readInt (52 bytes)
Event: 2919.008 Thread 0x000000003ade2800 nmethod 175 0x00000000036de790 code [0x00000000036de900, 0x00000000036deb10]
Event: 3889.642 Thread 0x000000003ad9d000  176       4       java.lang.String::<init> (82 bytes)
Event: 3889.643 Thread 0x000000003ad9d000 nmethod 176 0x00000000036e1c50 code [0x00000000036e1da0, 0x00000000036e2158]
Event: 4316.655 Thread 0x000000003adab800  177       1       org.eclipse.jdt.launching.internal.org.objectweb.asm.MethodWriter::hasAsmInstructions (5 bytes)
Event: 4316.655 Thread 0x000000003adab800 nmethod 177 0x00000000036e1990 code [0x00000000036e1ae0, 0x00000000036e1bf0]
Event: 4425.780 Thread 0x000000003ade3000  178       3       org.eclipse.jdt.launching.internal.org.objectweb.asm.ClassReader::readClass (7 bytes)
Event: 4425.780 Thread 0x000000003ade1800  179       3       org.eclipse.jdt.launching.internal.org.objectweb.asm.ClassReader::readStringish (16 bytes)
Event: 4425.781 Thread 0x000000003ade1800 nmethod 179 0x00000000036e0fd0 code [0x00000000036e1160, 0x00000000036e1628]
Event: 4425.781 Thread 0x000000003ade3000 nmethod 178 0x00000000036e4850 code [0x00000000036e4a00, 0x00000000036e4f28]
Event: 4463.014 Thread 0x000000003ad91000  180       4       org.eclipse.jdt.launching.internal.org.objectweb.asm.ClassReader::readUtf (161 bytes)
Event: 4463.014 Thread 0x000000003ade1800  181       3       org.eclipse.jdt.launching.internal.org.objectweb.asm.ByteVector::putByteArray (49 bytes)
Event: 4463.014 Thread 0x000000003ade1800 nmethod 181 0x00000000036e42d0 code [0x00000000036e4440, 0x00000000036e4758]
Event: 4463.019 Thread 0x000000003ad91000 nmethod 180 0x00000000036e76d0 code [0x00000000036e7860, 0x00000000036e8458]

GC Heap History (0 events):
No events

Deoptimization events (0 events):
No events

Classes redefined (21 events):
Event: 382.206 Thread 0x00000000394cb800 redefined class name=extend.Notebook, count=1
Event: 422.799 Thread 0x00000000394cb800 redefined class name=extend.Notebook, count=2
Event: 499.980 Thread 0x00000000394cb800 redefined class name=extend.Notebook, count=3
Event: 728.343 Thread 0x00000000394cb800 redefined class name=extend.Notebook, count=4
Event: 837.839 Thread 0x00000000394cb800 redefined class name=extend.Notebook, count=5
Event: 887.348 Thread 0x00000000394cb800 redefined class name=extend.Notebook, count=6
Event: 1948.725 Thread 0x00000000394cb800 redefined class name=extend.Product, count=1
Event: 1948.726 Thread 0x00000000394cb800 redefined class name=extend.Notebook, count=8
Event: 1948.726 Thread 0x00000000394cb800 redefined class name=extend.TesetProduct, count=1
Event: 1958.656 Thread 0x00000000394cb800 redefined class name=extend.Product, count=2
Event: 2008.903 Thread 0x00000000394cb800 redefined class name=extend.TesetProduct, count=2
Event: 2018.070 Thread 0x00000000394cb800 redefined class name=extend.TesetProduct, count=3
Event: 2088.090 Thread 0x00000000394cb800 redefined class name=extend.TesetProduct, count=4
Event: 2106.051 Thread 0x00000000394cb800 redefined class name=extend.TesetProduct, count=5
Event: 2330.917 Thread 0x00000000394cb800 redefined class name=extend.TesetProduct, count=6
Event: 2934.576 Thread 0x00000000394cb800 redefined class name=extend.TesetProduct, count=7
Event: 4142.356 Thread 0x00000000394cb800 redefined class name=extend.TesetProduct, count=8
Event: 4211.495 Thread 0x00000000394cb800 redefined class name=extend.TesetProduct, count=9
Event: 4601.707 Thread 0x00000000394cb800 redefined class name=extend.Notebook, count=10
Event: 5203.202 Thread 0x00000000394cb800 redefined class name=extend.Notebook, count=11
Event: 5212.443 Thread 0x00000000394cb800 redefined class name=extend.Notebook, count=12

Internal exceptions (6 events):
Event: 0.018 Thread 0x0000000000d0a800 Exception <a 'java/lang/NoSuchMethodError': Method sun.misc.Unsafe.defineClass(Ljava/lang/String;[BII)Ljava/lang/Class; name or signature does not match> (0x000000066c007cc0) thrown at [C:\ojdkbuild\lookaside\java-1.8.0-openjdk\hotspot\src\share\vm\prims\
Event: 0.018 Thread 0x0000000000d0a800 Exception <a 'java/lang/NoSuchMethodError': Method sun.misc.Unsafe.prefetchRead(Ljava/lang/Object;J)V name or signature does not match> (0x000000066c007fa8) thrown at [C:\ojdkbuild\lookaside\java-1.8.0-openjdk\hotspot\src\share\vm\prims\jni.cpp, line 4015
Event: 0.214 Thread 0x0000000000d0a800 Exception <a 'java/security/PrivilegedActionException'> (0x000000066d9d8eb8) thrown at [C:\ojdkbuild\lookaside\java-1.8.0-openjdk\hotspot\src\share\vm\prims\jvm.cpp, line 1531]
Event: 0.214 Thread 0x0000000000d0a800 Exception <a 'java/security/PrivilegedActionException'> (0x000000066d9d92b0) thrown at [C:\ojdkbuild\lookaside\java-1.8.0-openjdk\hotspot\src\share\vm\prims\jvm.cpp, line 1531]
Event: 0.215 Thread 0x0000000000d0a800 Exception <a 'java/security/PrivilegedActionException'> (0x000000066d9dcb28) thrown at [C:\ojdkbuild\lookaside\java-1.8.0-openjdk\hotspot\src\share\vm\prims\jvm.cpp, line 1531]
Event: 0.215 Thread 0x0000000000d0a800 Exception <a 'java/security/PrivilegedActionException'> (0x000000066d9dcf20) thrown at [C:\ojdkbuild\lookaside\java-1.8.0-openjdk\hotspot\src\share\vm\prims\jvm.cpp, line 1531]

Events (250 events):
Event: 65.680 Executing VM operation: GetOrSetLocal done
Event: 65.680 Executing VM operation: GetOrSetLocal
Event: 65.680 Executing VM operation: GetOrSetLocal done
Event: 65.680 Executing VM operation: GetOrSetLocal
Event: 65.680 Executing VM operation: GetOrSetLocal done
Event: 65.681 Executing VM operation: GetOrSetLocal
Event: 65.681 Executing VM operation: GetOrSetLocal done
Event: 70.040 Executing VM operation: EnterInterpOnlyMode
Event: 70.040 Executing VM operation: EnterInterpOnlyMode done
Event: 70.040 Executing VM operation: GetCurrentLocation
Event: 70.040 Executing VM operation: GetCurrentLocation done
Event: 70.040 Executing VM operation: ChangeSingleStep
Event: 70.040 Executing VM operation: ChangeSingleStep done
Event: 70.041 Executing VM operation: GetOrSetLocal
Event: 70.041 Executing VM operation: GetOrSetLocal done
Event: 70.044 Executing VM operation: GetOrSetLocal
Event: 70.044 Executing VM operation: GetOrSetLocal done
Event: 70.045 Executing VM operation: ChangeSingleStep
Event: 70.045 Executing VM operation: ChangeSingleStep done
Event: 70.047 Executing VM operation: GetOwnedMonitorInfo
Event: 70.047 Executing VM operation: GetOwnedMonitorInfo done
Event: 70.047 Executing VM operation: GetCurrentContendedMonitor
Event: 70.047 Executing VM operation: GetCurrentContendedMonitor done
Event: 70.047 Executing VM operation: GetOwnedMonitorInfo
Event: 70.047 Executing VM operation: GetOwnedMonitorInfo done
Event: 70.048 Executing VM operation: GetCurrentContendedMonitor
Event: 70.048 Executing VM operation: GetCurrentContendedMonitor done
Event: 70.048 Executing VM operation: GetCurrentContendedMonitor
Event: 70.048 Executing VM operation: GetCurrentContendedMonitor done
Event: 70.048 Executing VM operation: GetOwnedMonitorInfo
Event: 70.048 Executing VM operation: GetOwnedMonitorInfo done
Event: 70.054 Executing VM operation: GetOwnedMonitorInfo
Event: 70.054 Executing VM operation: GetOwnedMonitorInfo done
Event: 70.054 Executing VM operation: GetCurrentContendedMonitor
Event: 70.054 Executing VM operation: GetCurrentContendedMonitor done
Event: 70.072 Executing VM operation: GetOrSetLocal
Event: 70.072 Executing VM operation: GetOrSetLocal done
Event: 70.072 Executing VM operation: GetOrSetLocal
Event: 70.072 Executing VM operation: GetOrSetLocal done
Event: 70.073 Executing VM operation: GetOrSetLocal
Event: 70.073 Executing VM operation: GetOrSetLocal done
Event: 70.073 Executing VM operation: GetOrSetLocal
Event: 70.073 Executing VM operation: GetOrSetLocal done
Event: 70.073 Executing VM operation: GetOrSetLocal
Event: 70.073 Executing VM operation: GetOrSetLocal done
Event: 70.073 Executing VM operation: GetOrSetLocal
Event: 70.073 Executing VM operation: GetOrSetLocal done
Event: 70.073 Executing VM operation: GetOrSetLocal
Event: 70.073 Executing VM operation: GetOrSetLocal done
Event: 70.073 Executing VM operation: GetOrSetLocal
Event: 70.073 Executing VM operation: GetOrSetLocal done
Event: 70.073 Executing VM operation: GetOrSetLocal
Event: 70.073 Executing VM operation: GetOrSetLocal done
Event: 70.073 Executing VM operation: GetOrSetLocal
Event: 70.073 Executing VM operation: GetOrSetLocal done
Event: 70.073 Executing VM operation: GetOrSetLocal
Event: 70.073 Executing VM operation: GetOrSetLocal done
Event: 70.073 Executing VM operation: GetOrSetLocal
Event: 70.073 Executing VM operation: GetOrSetLocal done
Event: 70.073 Executing VM operation: GetOrSetLocal
Event: 70.073 Executing VM operation: GetOrSetLocal done
Event: 70.073 Executing VM operation: GetOrSetLocal
Event: 70.073 Executing VM operation: GetOrSetLocal done
Event: 70.074 Executing VM operation: GetOrSetLocal
Event: 70.074 Executing VM operation: GetOrSetLocal done
Event: 70.074 Executing VM operation: GetOrSetLocal
Event: 70.074 Executing VM operation: GetOrSetLocal done
Event: 70.074 Executing VM operation: GetOrSetLocal
Event: 70.074 Executing VM operation: GetOrSetLocal done
Event: 70.074 Executing VM operation: GetOrSetLocal
Event: 70.074 Executing VM operation: GetOrSetLocal done
Event: 70.074 Executing VM operation: GetOwnedMonitorInfo
Event: 70.074 Executing VM operation: GetOwnedMonitorInfo done
Event: 70.074 Executing VM operation: GetCurrentContendedMonitor
Event: 70.074 Executing VM operation: GetCurrentContendedMonitor done
Event: 205.246 Executing VM operation: GetOwnedMonitorInfo
Event: 205.246 Executing VM operation: GetOwnedMonitorInfo done
Event: 205.246 Executing VM operation: GetCurrentContendedMonitor
Event: 205.246 Executing VM operation: GetCurrentContendedMonitor done
Event: 382.205 Executing VM operation: RedefineClasses
Event: 382.206 Executing VM operation: RedefineClasses done
Event: 382.210 Executing VM operation: GetOwnedMonitorInfo
Event: 382.210 Executing VM operation: GetOwnedMonitorInfo done
Event: 382.210 Executing VM operation: GetCurrentContendedMonitor
Event: 382.210 Executing VM operation: GetCurrentContendedMonitor done
Event: 422.799 Executing VM operation: RedefineClasses
Event: 422.799 Executing VM operation: RedefineClasses done
Event: 422.802 Executing VM operation: GetOwnedMonitorInfo
Event: 422.802 Executing VM operation: GetOwnedMonitorInfo done
Event: 422.802 Executing VM operation: GetCurrentContendedMonitor
Event: 422.802 Executing VM operation: GetCurrentContendedMonitor done
Event: 499.979 Executing VM operation: RedefineClasses
Event: 499.980 Executing VM operation: RedefineClasses done
Event: 499.982 Executing VM operation: GetOwnedMonitorInfo
Event: 499.982 Executing VM operation: GetOwnedMonitorInfo done
Event: 499.982 Executing VM operation: GetCurrentContendedMonitor
Event: 499.982 Executing VM operation: GetCurrentContendedMonitor done
Event: 728.342 Executing VM operation: RedefineClasses
Event: 728.343 Executing VM operation: RedefineClasses done
Event: 728.345 Executing VM operation: GetOwnedMonitorInfo
Event: 728.345 Executing VM operation: GetOwnedMonitorInfo done
Event: 728.345 Executing VM operation: GetCurrentContendedMonitor
Event: 728.345 Executing VM operation: GetCurrentContendedMonitor done
Event: 837.838 Executing VM operation: RedefineClasses
Event: 837.839 Executing VM operation: RedefineClasses done
Event: 837.843 Executing VM operation: GetOwnedMonitorInfo
Event: 837.843 Executing VM operation: GetOwnedMonitorInfo done
Event: 837.843 Executing VM operation: GetCurrentContendedMonitor
Event: 837.843 Executing VM operation: GetCurrentContendedMonitor done
Event: 887.348 Executing VM operation: RedefineClasses
Event: 887.349 Executing VM operation: RedefineClasses done
Event: 887.351 Executing VM operation: GetOwnedMonitorInfo
Event: 887.351 Executing VM operation: GetOwnedMonitorInfo done
Event: 887.351 Executing VM operation: GetCurrentContendedMonitor
Event: 887.351 Executing VM operation: GetCurrentContendedMonitor done
Event: 1934.571 Executing VM operation: GetOwnedMonitorInfo
Event: 1934.571 Executing VM operation: GetOwnedMonitorInfo done
Event: 1934.571 Executing VM operation: GetCurrentContendedMonitor
Event: 1934.571 Executing VM operation: GetCurrentContendedMonitor done
Event: 1948.725 Executing VM operation: RedefineClasses
Event: 1948.726 Executing VM operation: RedefineClasses done
Event: 1948.727 Executing VM operation: ChangeBreakpoints
Event: 1948.727 Executing VM operation: ChangeBreakpoints done
Event: 1948.729 Executing VM operation: GetOwnedMonitorInfo
Event: 1948.729 Executing VM operation: GetOwnedMonitorInfo done
Event: 1948.730 Executing VM operation: GetCurrentContendedMonitor
Event: 1948.730 Executing VM operation: GetCurrentContendedMonitor done
Event: 1958.656 Executing VM operation: RedefineClasses
Event: 1958.656 Executing VM operation: RedefineClasses done
Event: 1958.658 Executing VM operation: GetOwnedMonitorInfo
Event: 1958.658 Executing VM operation: GetOwnedMonitorInfo done
Event: 1958.658 Executing VM operation: GetCurrentContendedMonitor
Event: 1958.658 Executing VM operation: GetCurrentContendedMonitor done
Event: 2008.902 Executing VM operation: RedefineClasses
Event: 2008.903 Executing VM operation: RedefineClasses done
Event: 2008.905 Executing VM operation: ChangeBreakpoints
Event: 2008.905 Executing VM operation: ChangeBreakpoints done
Event: 2008.908 Executing VM operation: GetOwnedMonitorInfo
Event: 2008.908 Executing VM operation: GetOwnedMonitorInfo done
Event: 2008.908 Executing VM operation: GetCurrentContendedMonitor
Event: 2008.908 Executing VM operation: GetCurrentContendedMonitor done
Event: 2018.069 Executing VM operation: RedefineClasses
Event: 2018.070 Executing VM operation: RedefineClasses done
Event: 2018.080 Executing VM operation: GetOwnedMonitorInfo
Event: 2018.080 Executing VM operation: GetOwnedMonitorInfo done
Event: 2018.080 Executing VM operation: GetCurrentContendedMonitor
Event: 2018.080 Executing VM operation: GetCurrentContendedMonitor done
Event: 2088.089 Executing VM operation: RedefineClasses
Event: 2088.090 Executing VM operation: RedefineClasses done
Event: 2088.091 Executing VM operation: ChangeBreakpoints
Event: 2088.091 Executing VM operation: ChangeBreakpoints done
Event: 2088.094 Executing VM operation: GetOwnedMonitorInfo
Event: 2088.094 Executing VM operation: GetOwnedMonitorInfo done
Event: 2088.094 Executing VM operation: GetCurrentContendedMonitor
Event: 2088.094 Executing VM operation: GetCurrentContendedMonitor done
Event: 2106.051 Executing VM operation: RedefineClasses
Event: 2106.051 Executing VM operation: RedefineClasses done
Event: 2106.058 Executing VM operation: GetOwnedMonitorInfo
Event: 2106.058 Executing VM operation: GetOwnedMonitorInfo done
Event: 2106.058 Executing VM operation: GetCurrentContendedMonitor
Event: 2106.058 Executing VM operation: GetCurrentContendedMonitor done
Event: 2330.917 Executing VM operation: RedefineClasses
Event: 2330.917 Executing VM operation: RedefineClasses done
Event: 2330.918 Executing VM operation: ChangeBreakpoints
Event: 2330.918 Executing VM operation: ChangeBreakpoints done
Event: 2330.922 Executing VM operation: GetOwnedMonitorInfo
Event: 2330.922 Executing VM operation: GetOwnedMonitorInfo done
Event: 2330.922 Executing VM operation: GetCurrentContendedMonitor
Event: 2330.922 Executing VM operation: GetCurrentContendedMonitor done
Event: 2820.203 Executing VM operation: GetOwnedMonitorInfo
Event: 2820.203 Executing VM operation: GetOwnedMonitorInfo done
Event: 2820.204 Executing VM operation: GetCurrentContendedMonitor
Event: 2820.204 Executing VM operation: GetCurrentContendedMonitor done
Event: 2919.030 Executing VM operation: GetOwnedMonitorInfo
Event: 2919.030 Executing VM operation: GetOwnedMonitorInfo done
Event: 2919.030 Executing VM operation: GetCurrentContendedMonitor
Event: 2919.030 Executing VM operation: GetCurrentContendedMonitor done
Event: 2934.575 Executing VM operation: RedefineClasses
Event: 2934.576 Executing VM operation: RedefineClasses done
Event: 2934.577 Executing VM operation: ChangeBreakpoints
Event: 2934.577 Executing VM operation: ChangeBreakpoints done
Event: 2934.580 Executing VM operation: GetOwnedMonitorInfo
Event: 2934.580 Executing VM operation: GetOwnedMonitorInfo done
Event: 2934.580 Executing VM operation: GetCurrentContendedMonitor
Event: 2934.580 Executing VM operation: GetCurrentContendedMonitor done
Event: 3889.666 Executing VM operation: GetOwnedMonitorInfo
Event: 3889.666 Executing VM operation: GetOwnedMonitorInfo done
Event: 3889.666 Executing VM operation: GetCurrentContendedMonitor
Event: 3889.666 Executing VM operation: GetCurrentContendedMonitor done
Event: 4037.493 Executing VM operation: GetOwnedMonitorInfo
Event: 4037.493 Executing VM operation: GetOwnedMonitorInfo done
Event: 4037.493 Executing VM operation: GetCurrentContendedMonitor
Event: 4037.493 Executing VM operation: GetCurrentContendedMonitor done
Event: 4142.355 Executing VM operation: RedefineClasses
Event: 4142.356 Executing VM operation: RedefineClasses done
Event: 4142.361 Executing VM operation: GetOwnedMonitorInfo
Event: 4142.361 Executing VM operation: GetOwnedMonitorInfo done
Event: 4142.361 Executing VM operation: GetCurrentContendedMonitor
Event: 4142.361 Executing VM operation: GetCurrentContendedMonitor done
Event: 4211.495 Executing VM operation: RedefineClasses
Event: 4211.495 Executing VM operation: RedefineClasses done
Event: 4211.496 Executing VM operation: ChangeBreakpoints
Event: 4211.496 Executing VM operation: ChangeBreakpoints done
Event: 4211.498 Executing VM operation: GetOwnedMonitorInfo
Event: 4211.498 Executing VM operation: GetOwnedMonitorInfo done
Event: 4211.499 Executing VM operation: GetCurrentContendedMonitor
Event: 4211.499 Executing VM operation: GetCurrentContendedMonitor done
Event: 4291.092 Executing VM operation: GetOwnedMonitorInfo
Event: 4291.092 Executing VM operation: GetOwnedMonitorInfo done
Event: 4291.092 Executing VM operation: GetCurrentContendedMonitor
Event: 4291.092 Executing VM operation: GetCurrentContendedMonitor done
Event: 4316.675 Executing VM operation: GetOwnedMonitorInfo
Event: 4316.675 Executing VM operation: GetOwnedMonitorInfo done
Event: 4316.675 Executing VM operation: GetCurrentContendedMonitor
Event: 4316.675 Executing VM operation: GetCurrentContendedMonitor done
Event: 4406.138 Executing VM operation: GetOwnedMonitorInfo
Event: 4406.138 Executing VM operation: GetOwnedMonitorInfo done
Event: 4406.138 Executing VM operation: GetCurrentContendedMonitor
Event: 4406.138 Executing VM operation: GetCurrentContendedMonitor done
Event: 4425.814 Executing VM operation: GetOwnedMonitorInfo
Event: 4425.814 Executing VM operation: GetOwnedMonitorInfo done
Event: 4425.814 Executing VM operation: GetCurrentContendedMonitor
Event: 4425.814 Executing VM operation: GetCurrentContendedMonitor done
Event: 4463.033 Executing VM operation: GetOwnedMonitorInfo
Event: 4463.033 Executing VM operation: GetOwnedMonitorInfo done
Event: 4463.033 Executing VM operation: GetCurrentContendedMonitor
Event: 4463.033 Executing VM operation: GetCurrentContendedMonitor done
Event: 4489.103 Executing VM operation: GetOwnedMonitorInfo
Event: 4489.103 Executing VM operation: GetOwnedMonitorInfo done
Event: 4489.103 Executing VM operation: GetCurrentContendedMonitor
Event: 4489.103 Executing VM operation: GetCurrentContendedMonitor done
Event: 4601.706 Executing VM operation: RedefineClasses
Event: 4601.707 Executing VM operation: RedefineClasses done
Event: 4601.709 Executing VM operation: GetOwnedMonitorInfo
Event: 4601.709 Executing VM operation: GetOwnedMonitorInfo done
Event: 4601.709 Executing VM operation: GetCurrentContendedMonitor
Event: 4601.709 Executing VM operation: GetCurrentContendedMonitor done
Event: 5203.202 Executing VM operation: RedefineClasses
Event: 5203.202 Executing VM operation: RedefineClasses done
Event: 5203.205 Executing VM operation: GetOwnedMonitorInfo
Event: 5203.205 Executing VM operation: GetOwnedMonitorInfo done
Event: 5203.205 Executing VM operation: GetCurrentContendedMonitor
Event: 5203.205 Executing VM operation: GetCurrentContendedMonitor done
Event: 5212.442 Executing VM operation: RedefineClasses
Event: 5212.443 Executing VM operation: RedefineClasses done
Event: 5212.447 Executing VM operation: GetOwnedMonitorInfo
Event: 5212.447 Executing VM operation: GetOwnedMonitorInfo done
Event: 5212.447 Executing VM operation: GetCurrentContendedMonitor
Event: 5212.447 Executing VM operation: GetCurrentContendedMonitor done
Event: 5235.447 Executing VM operation: GetOrSetLocal


Dynamic libraries:
0x00007ff6cd8f0000 - 0x00007ff6cd938000 	C:\Program Files\JDK8\bin\javaw.exe
0x00007ff9fd310000 - 0x00007ff9fd508000 	C:\Windows\SYSTEM32\ntdll.dll
0x00007ff9fb350000 - 0x00007ff9fb40f000 	C:\Windows\System32\KERNEL32.DLL
0x00007ff9fab60000 - 0x00007ff9fae32000 	C:\Windows\System32\KERNELBASE.dll
0x00007ff9fbcd0000 - 0x00007ff9fbd7e000 	C:\Windows\System32\ADVAPI32.dll
0x00007ff9fd100000 - 0x00007ff9fd19e000 	C:\Windows\System32\msvcrt.dll
0x00007ff9fba80000 - 0x00007ff9fbb1c000 	C:\Windows\System32\sechost.dll
0x00007ff9fb7a0000 - 0x00007ff9fb8c5000 	C:\Windows\System32\RPCRT4.dll
0x00007ff9fbb20000 - 0x00007ff9fbcc1000 	C:\Windows\System32\USER32.dll
0x00007ff9fb290000 - 0x00007ff9fb2b2000 	C:\Windows\System32\win32u.dll
0x00007ff9fb770000 - 0x00007ff9fb79b000 	C:\Windows\System32\GDI32.dll
0x00007ff9fb080000 - 0x00007ff9fb18f000 	C:\Windows\System32\gdi32full.dll
0x00007ff9fafe0000 - 0x00007ff9fb07d000 	C:\Windows\System32\msvcp_win.dll
0x00007ff9fb190000 - 0x00007ff9fb290000 	C:\Windows\System32\ucrtbase.dll
0x00007ff9e6800000 - 0x00007ff9e6a9a000 	C:\Windows\WinSxS\amd64_microsoft.windows.common-controls_6595b64144ccf1df_6.0.19041.1110_none_60b5254171f9507e\COMCTL32.dll
0x00007ff9fccf0000 - 0x00007ff9fcd22000 	C:\Windows\System32\IMM32.DLL
0x0000000056770000 - 0x0000000056842000 	C:\Program Files\JDK8\jre\bin\msvcr100.dll
0x0000000055e30000 - 0x0000000056763000 	C:\Program Files\JDK8\jre\bin\server\jvm.dll
0x00007ff9fd0d0000 - 0x00007ff9fd0d8000 	C:\Windows\System32\PSAPI.DLL
0x00007ff9eeb50000 - 0x00007ff9eeb5a000 	C:\Windows\SYSTEM32\VERSION.dll
0x00007ff9e4650000 - 0x00007ff9e4659000 	C:\Windows\SYSTEM32\WSOCK32.dll
0x00007ff9e2400000 - 0x00007ff9e2427000 	C:\Windows\SYSTEM32\WINMM.dll
0x00007ff9fc810000 - 0x00007ff9fc87b000 	C:\Windows\System32\WS2_32.dll
0x00007ff9f8300000 - 0x00007ff9f830f000 	C:\Program Files\JDK8\jre\bin\verify.dll
0x00007ff9f64b0000 - 0x00007ff9f64d9000 	C:\Program Files\JDK8\jre\bin\java.dll
0x00007ff9f4290000 - 0x00007ff9f42c5000 	C:\Program Files\JDK8\jre\bin\jdwp.dll
0x00007ff9f64a0000 - 0x00007ff9f64a8000 	C:\Program Files\JDK8\jre\bin\npt.dll
0x00007ff9eef60000 - 0x00007ff9eef83000 	C:\Program Files\JDK8\jre\bin\instrument.dll
0x00007ff9eef40000 - 0x00007ff9eef56000 	C:\Program Files\JDK8\jre\bin\zip.dll
0x00007ff9fbe40000 - 0x00007ff9fc584000 	C:\Windows\System32\SHELL32.dll
0x00007ff9f8ae0000 - 0x00007ff9f9272000 	C:\Windows\SYSTEM32\windows.storage.dll
0x00007ff9fb410000 - 0x00007ff9fb765000 	C:\Windows\System32\combase.dll
0x00007ff9fa460000 - 0x00007ff9fa490000 	C:\Windows\SYSTEM32\Wldp.dll
0x00007ff9fd220000 - 0x00007ff9fd2cd000 	C:\Windows\System32\SHCORE.dll
0x00007ff9fc5f0000 - 0x00007ff9fc645000 	C:\Windows\System32\shlwapi.dll
0x00007ff9fa940000 - 0x00007ff9fa95f000 	C:\Windows\SYSTEM32\profapi.dll
0x00007ff9f6460000 - 0x00007ff9f6469000 	C:\Program Files\JDK8\jre\bin\dt_socket.dll
0x00007ff9f8330000 - 0x00007ff9f8347000 	C:\Windows\system32\napinsp.dll
0x00007ff9f6540000 - 0x00007ff9f655b000 	C:\Windows\system32\pnrpnsp.dll
0x00007ff9d7210000 - 0x00007ff9d7225000 	C:\Windows\system32\wshbth.dll
0x00007ff9f63b0000 - 0x00007ff9f63cd000 	C:\Windows\system32\NLAapi.dll
0x00007ff9f9e60000 - 0x00007ff9f9e9b000 	C:\Windows\SYSTEM32\IPHLPAPI.DLL
0x00007ff9fa1c0000 - 0x00007ff9fa22a000 	C:\Windows\System32\mswsock.dll
0x00007ff9f9ea0000 - 0x00007ff9f9f6a000 	C:\Windows\SYSTEM32\DNSAPI.dll
0x00007ff9fcdf0000 - 0x00007ff9fcdf8000 	C:\Windows\System32\NSI.dll
0x00007ff9f6520000 - 0x00007ff9f6532000 	C:\Windows\System32\winrnr.dll
0x00007ff9e5af0000 - 0x00007ff9e5b70000 	C:\Windows\System32\fwpuclnt.dll
0x00007ff9faef0000 - 0x00007ff9faf17000 	C:\Windows\System32\bcrypt.dll
0x00007ff9e5980000 - 0x00007ff9e598a000 	C:\Windows\System32\rasadhlp.dll
0x00007ff9e1f80000 - 0x00007ff9e2164000 	C:\Windows\SYSTEM32\dbghelp.dll
0x00007ff9fb2c0000 - 0x00007ff9fb342000 	C:\Windows\System32\bcryptPrimitives.dll

VM Arguments:
jvm_args: -agentlib:jdwp=transport=dt_socket,suspend=y,address=localhost:53330 -javaagent:C:\eclipse\configuration\org.eclipse.osgi\420\0\.cp\lib\javaagent-shaded.jar -Dfile.encoding=UTF-8 
java_command: extend.TesetProduct
java_class_path (initial): C:\Users\Student\eclipse-workspace\JavaLab\bin;C:\Users\Student\eclipse-workspace\JavaLab\lib\CountDown.jar;C:\eclipse\configuration\org.eclipse.osgi\420\0\.cp\lib\javaagent-shaded.jar
Launcher Type: SUN_STANDARD

Environment Variables:
JAVA_HOME=C:\Program Files\JDK8
PATH=C:\Program Files\JDK8\jre\bin;C:/eclipse//plugins/org.eclipse.justj.openjdk.hotspot.jre.full.win32.x86_64_17.0.5.v20221102-0933/jre/bin/server;C:/eclipse//plugins/org.eclipse.justj.openjdk.hotspot.jre.full.win32.x86_64_17.0.5.v20221102-0933/jre/bin;C:\Windows\system32;C:\Windows;C:\Windows\System32\Wbem;C:\Windows\System32\WindowsPowerShell\v1.0\;C:\Windows\System32\OpenSSH\;C:\Program Files\Microsoft SQL Server\Client SDK\ODBC\170\Tools\Binn\;C:\Program Files (x86)\Microsoft SQL Server\150\Tools\Binn\;C:\Program Files\Microsoft SQL Server\150\Tools\Binn\;C:\Program Files\Microsoft SQL Server\150\DTS\Binn\;C:\Program Files (x86)\Microsoft SQL Server\150\DTS\Binn\;C:\Program Files\Azure Data Studio\bin;C:\Program Files\JDK8\bin;C:\Users\Student\AppData\Local\Programs\Python\Python311\Scripts\;C:\Users\Student\AppData\Local\Programs\Python\Python311\;C:\Users\Student\AppData\Local\Microsoft\WindowsApps;C:\Program Files\Azure Data Studio\bin;C:\Users\Student\AppData\Local\Programs\Microsoft VS Code\bin;C:\Program Files\Eclipse Adoptium\jdk-17.0.5.8-hotspot\bin;;C:\eclipse;
USERNAME=Student
OS=Windows_NT
PROCESSOR_IDENTIFIER=Intel64 Family 6 Model 151 Stepping 2, GenuineIntel



---------------  S Y S T E M  ---------------

OS: Windows 10.0 , 64 bit Build 19041 (10.0.19041.2364)

CPU:total 20 (initial active 20) (20 cores per cpu, 1 threads per core) family 6 model 151 stepping 2, cmov, cx8, fxsr, mmx, sse, sse2, sse3, ssse3, sse4.1, sse4.2, popcnt, avx, avx2, aes, clmul, erms, 3dnowpref, lzcnt, tsc, tscinvbit, bmi1, bmi2, adx

Memory: 4k page, physical 66844020k(56792752k free), swap 76805492k(64923744k free)

vm_info: OpenJDK 64-Bit Server VM (25.332-b09) for windows-amd64 JRE (1.8.0_332-b09), built on May  3 2022 02:38:43 by "Administrator" with MS VC++ 10.0 (VS2010)

time: Sat Jan 07 15:02:51 2023
timezone: x_
elapsed time: 5235.468474 seconds (0d 1h 27m 15s)

